<?xml version="1.0" encoding="UTF-8"?>
<!-- Generated by org.testng.reporters.JUnitXMLReporter -->
<testsuite ignored="0" hostname="INLEN8520028254" failures="0" tests="20" name="Default test" time="117.018" errors="0" timestamp="2022-04-13T15:19:27 IST">
  <testcase classname="stepDefinations.StepDefinations" name="a_sample_report_should_get_downloaded_for_property_valuation" time="0.007"/>
  <testcase classname="stepDefinations.StepDefinations" name="a_sample_report_should_get_downloaded_of_consultant" time="0.001"/>
  <testcase classname="stepDefinations.StepDefinations" name="user_click_on_continue_to_post" time="0.001"/>
  <testcase classname="stepDefinations.StepDefinations" name="user_click_on_download_sample_report_of_property_valuation" time="0.001"/>
  <testcase classname="stepDefinations.StepDefinations" name="user_click_on_property_services_and_select_legal_title_check" time="18.35"/>
  <testcase classname="stepDefinations.StepDefinations" name="user_click_on_property_services_and_select_property_valuation" time="26.222"/>
  <testcase classname="stepDefinations.StepDefinations" name="user_click_on_property_services_and_select_vastu" time="17.857"/>
  <testcase classname="stepDefinations.StepDefinations" name="user_click_on_request_a_valuation" time="3.168"/>
  <testcase classname="stepDefinations.StepDefinations" name="user_click_on_sell_and_select_post_property" time="26.393"/>
  <testcase classname="stepDefinations.StepDefinations" name="user_click_on_verify_property_documents" time="0.228"/>
  <testcase classname="stepDefinations.StepDefinations" name="user_enters_the_property_location_details" time="0.263"/>
  <testcase classname="stepDefinations.StepDefinations" name="user_is_able_to_download_sample_report_of_consultant" time="0.222"/>
  <testcase classname="stepDefinations.StepDefinations" name="user_is_able_to_post_a_add" time="0.24"/>
  <testcase classname="stepDefinations.StepDefinations" name="user_is_able_to_select_consultant" time="6.508"/>
  <testcase classname="stepDefinations.StepDefinations" name="user_is_able_to_select_free_ad_package" time="5.635"/>
  <testcase classname="stepDefinations.StepDefinations" name="user_is_able_to_view_details_of_consultant" time="4.2"/>
  <testcase classname="stepDefinations.StepDefinations" name="user_redirected_to_packages_for_property_valuation_services" time="2.226"/>
  <testcase classname="stepDefinations.StepDefinations" name="user_redirects_to_packages_for_property_legal_title_check" time="0.194"/>
  <testcase classname="stepDefinations.StepDefinations" name="user_select_property_type" time="4.415"/>
  <testcase classname="stepDefinations.StepDefinations" name="user_select_the_property_features" time="0.846"/>
</testsuite> <!-- Default test -->
